<testsuites id="" name="" tests="4" failures="0" skipped="0" errors="0" time="108.540256">
<testsuite name="makemytrip.sanity.spec.ts" timestamp="2024-06-19T18:41:54.313Z" hostname="suite" tests="4" failures="0" skipped="0" time="107.095" errors="0">
<testcase name="Make My Trip Test Suite @serialMakeMyTripTestSuite @sanity › Validating the search for cheapest flights for round trip @mmt01 @makeMyTrip @sanity" classname="makemytrip.sanity.spec.ts" time="29.545">
<system-out>
<![CDATA[2024-06-19T18:41:58.207Z info: Dismiss the login banner
2024-06-19T18:41:59.312Z info: Navigation to top header
2024-06-19T18:42:00.910Z info: Select the trip type
2024-06-19T18:42:01.957Z info: Selecting from and to location
2024-06-19T18:42:06.774Z info: Selecting 'to' location
2024-06-19T18:42:12.078Z info: Select the month of travel
2024-06-19T18:42:13.764Z info: Setting up the trip duration
2024-06-19T18:42:17.119Z info: slider value is:10
2024-06-19T18:42:17.120Z info: Click on the apply button
2024-06-19T18:42:17.975Z info: Click on the search button
2024-06-19T18:42:18.867Z info: Selecting the cheapest flight available
2024-06-19T18:42:22.781Z info: Minimum price is: 28376
2024-06-19T18:42:23.606Z info: Found 3 flights.

[[ATTACHMENT|..\..\..\..\test-results\makemytrip.sanity-Make-My--28ee1-rip-mmt01-makeMyTrip-sanity-suite\test-finished-1.png]]
]]>
</system-out>
</testcase>
<testcase name="Make My Trip Test Suite @serialMakeMyTripTestSuite @sanity › Validating the search for one way trip @mmt02 @makeMyTrip @sanity" classname="makemytrip.sanity.spec.ts" time="22.248">
<system-out>
<![CDATA[2024-06-19T18:42:28.666Z info: Dismiss the login banner
2024-06-19T18:42:29.718Z info: Navigation to top header
2024-06-19T18:42:31.120Z info: Select the trip type
2024-06-19T18:42:32.162Z info: Selecting from and to location
2024-06-19T18:42:37.229Z info: Selecting 'to' location
2024-06-19T18:42:42.509Z info: Select the month of travel
2024-06-19T18:42:44.191Z info: Click on the apply button
2024-06-19T18:42:45.049Z info: Click on the search button

[[ATTACHMENT|..\..\..\..\test-results\makemytrip.sanity-Make-My--bbfd4-rip-mmt02-makeMyTrip-sanity-suite\test-finished-1.png]]
]]>
</system-out>
</testcase>
<testcase name="Make My Trip Test Suite @serialMakeMyTripTestSuite @sanity › Validating the search for one way trip with no destination @mmt03 @makeMyTrip @sanity" classname="makemytrip.sanity.spec.ts" time="16.031">
<system-out>
<![CDATA[2024-06-19T18:42:50.139Z info: Dismiss the login banner
2024-06-19T18:42:51.368Z info: Navigation to top header
2024-06-19T18:42:52.732Z info: Select the trip type
2024-06-19T18:42:53.758Z info: Selecting from and to location
2024-06-19T18:42:58.940Z info: Select the month of travel
2024-06-19T18:43:00.616Z info: Click on the apply button
2024-06-19T18:43:01.457Z info: Click on the search button

[[ATTACHMENT|..\..\..\..\test-results\makemytrip.sanity-Make-My--23fad-ion-mmt03-makeMyTrip-sanity-suite\test-finished-1.png]]
]]>
</system-out>
</testcase>
<testcase name="Make My Trip Test Suite @serialMakeMyTripTestSuite @sanity › Validating the search for round trip with no destination @mmt04 @makeMyTrip @sanity" classname="makemytrip.sanity.spec.ts" time="39.271">
<system-out>
<![CDATA[2024-06-19T18:43:25.872Z info: Dismiss the login banner
2024-06-19T18:43:26.853Z info: Navigation to top header
2024-06-19T18:43:28.161Z info: Select the trip type
2024-06-19T18:43:29.287Z info: Selecting from and to location
2024-06-19T18:43:34.188Z info: Select the month of travel
2024-06-19T18:43:36.112Z info: Setting up the trip duration
2024-06-19T18:43:39.473Z info: slider value is:10
2024-06-19T18:43:39.474Z info: Click on the apply button
2024-06-19T18:43:40.334Z info: Click on the search button

[[ATTACHMENT|..\..\..\..\test-results\makemytrip.sanity-Make-My--e3b89-ion-mmt04-makeMyTrip-sanity-suite\test-finished-1.png]]
]]>
</system-out>
</testcase>
</testsuite>
</testsuites>